6339096
2066691122
3477369101
6037006359
3217056901
2573008329
4646500246
2302815083
4953904637
3391924827
15308698
3862124975
1225443522
3354075558
8237132978
6140511870
4808564802
3009542570
7294645258
4859795235
1341077576
289387198
284312563
3395052193
3292277400
2514581496
1587652280
4557639876
2265367960
640409060
3853580806
3514052896
4672184689
3621647714
1215334959
3211316116
244799313
4062550863
4529394646
2805101709
3687995245
4939130926
4726972254
86112730
3184206563
6833775117
3342272425
3104690333
2728883415
6273905117
2991662048
2838065126
3462167010
4760482894
6954561740
2734219983
466176275
1581822598
4813304335
6218174603
6953343058
4146150983
1534524182
1924265693
1733671069
4650172049
6629925875
4105382797
2191566772
2300920203
3032235201
7807617146
897621891
6110845331
3891014226
4443536449
4661596520
6066650935
7351665920
7671653534
3549408779
2206284983
2943692397
4637912498
3049770416
4678093761
87761964
4612021294
3732035651
4320863128
3815411755
4597269859
551403320
4483932274
6302283809
2129341575
2832487464
1500989694
3638783842
4450821292
3417983246
178342849
3640109324
4571034074
2934121315
6526218123
4941680934
1323858296
2258951972
8033603923
610590753
4929731785
2676537026
4679633895
4902104884
354015880
6302275277
2774287870
3441531010
3533577805
4594797592
3532192208
2773400732
6827146958
3381700783
2042110579
2351870496
4590049942
3033724533
469969326
439049388
2855727603
3697902123
969483211
3107889179
4580064496
4923472130
6164855846
6775388024
4676729156
4555935886
6887014829
2444070322
2085255128
4874068843
4542010975
196968178
2594698744
4563267532
1569687608
4524828504
4546867536
506432952
4754077178
6907188365
86120427
3155501473
4931356888
6998288112
3427540832
5290804615
2557805364
4484644842
4930533574
6881116831
3349955993
3470008804
4932739824
3557316485
557721978
3708177171
283600520
7173234758
4750244652
2917843040
3376809186
5388634274
6934906804
3667939633
4898180180
519346101
2142232919
13648274
4758626595
3169591322
2646673527
4770745669
2085400856
2490768374
244829722
7505380372
2035902801
3286193613
1348947380
3042679440
4753498346
7558058046
4477801634
5728470160
3745451546
2666742902
4713654516
2131762850
2473188198
173742923
4537970812
3111261053
5264507624
4449146137
7109928015
2101068655
4954827712
2540750172
400739268
2844747252
4146533978
4901396689
2750154354
5757492662
4944047878
4541692312
5522482326
2696636252
4791448437
1955468182
802594049
4806158094
3717809376
4931368578
2823575468
4494029358
616045808
6259089171
3145779380
145282619
3442540072
4826025184
6301921728
1283974580
3536561454
2772928973
3051082548
3085331893
2367949659
1501297480
3417788829
6283492657
3307810562
3350185126
424047148
2574683131
3777690883
4436200118
2899594400
196521598
4566724961
292887910
3745405665
369360998
183696864
4834128818
4891151258
4169121436
2219301968
1191423753
2469878877
2876848241
5696547236
5999440951
2199932695
2352452459
4771381994
2209036528
2549933281
4271287940
2710281519
2653034718
2955813024
2860872588
4459992117
3544803461
4523593403
4488188880
6082212650
2505988632
2917480555
3903603264
3247341210
4398362068
4890093788
2335170310
241347356
4689169924
3621064597
2566142607
7673105012
3664750995
4539608494
5304817530
6341526291
519259595
221422499
2518508760
4511764901
363503759
3906158504
3375134059
3392851587
2557801204
2854207034
7005944799
421316045
4818678636
2186361690
467858872
4733892212
4528309462
322791392
175826463
2893618834
3300643106
3192267612
2744600462
4441952242
527049391
2149982207
4885361477
3224227640
875731481
4669404758
3977684660
3337945724
74635420
1814391289
918545497
4689831601
156967462
2410153942
937559727
4475333077
386640177
46663846
2252613928
452385803
4573391235
5104136462
5148259688
2306497411
4175080701
2929188436
3453259666
4857155667
4538926478
4982419929
395798320
19541210
5708913719
2679381280
3301438465
252054933
4688196032
2774880158
2828583747
139719522
3207676216
4525077213
6523161021
2188171629
3668118382
5181862374
4837452125
1079013716
5304700808
2968216482
4808887200
1118557877
2811918074
5843164517
4692226909
6005527626
1664475859
3093742683
4609342954
7172108149
3660361818
4678723492
2203586218
4965386726
2944362789
4793042666
1568723169
2064780645
209101256
4141222372
2924825127
2661294481
29339871
2203168780
289262516
2441818043
339734472
4614813437
1202620814
3601803640
3176277818
4958201845
210711305
3747031933
4334945607
26690039
2841909138
3849219106
2832978253
3092079494
3509575615
6208501317
6339937423
3540241710
3400041870
110615445
2127209046
2529017800
509778093
2424398046
4501954896
2895548671
3550459890
7057696291
3666188658
2533642917
3488837187
2594336381
3638908276
4337308572
583174725
2975096608
3350002347
623052035
291768952
4515616069
3603064161
3711354907
7190066807
4712565535
3375070563
3183354360
5762196405
2884092603
482088914
5658127907
3321956909
521750280
2725441885
329828970
2119206841
6225280494
104816788
3335965982
3870112265
72686467
108957912
145645390
2622517932
7521177104
441212506
4725000343
243952171
3850580198
208053776
3710607005
537559285
5793422010
208473386
4859059617
5014752481
3705430840
3520079657
2695093520
6491222037
314976887
5931115247
4875686663
4731694958
1175268298
3475751336
3848362132
6271611352
2085403342
2267819545
5851818256
3920105265
133280430
12393804
1399295078
1100214449
4834104127
7198555138
4393957264
967719295
2980982753
2894229082
2994179598
2768292531
2385079235
3215896272
4463063933
2881468095
3826378639
3459570613
2536863537
4675411687
8109932996
3474985008
2429399563
3592992234
4736208356
275170947
2693425189
4169982872
12379850
3750418259
7558229986
4785970716
2771662950
2879241506
305611825
5119124428
3614542901
1237177353
3384702365
6718814177
4378810163
244526389
443430496
310779961
4354454868
1685990174
3152317129
6077676085
6716993355
2057160636
3259330901
6491272997
4093460759
4413714
3735771637
3106883334
2231193384
1199376686
448493587
6728801573
6179612438
5411481517
2939007933
4488011793
2866016431
4611771929
5758838589
306395036
120058071
33064498
537758332
7235990180
2430223532
1397344877
584484388
3992703753
4957370596
4738240252
1306145560
396140659
2541104331
3321209919
3240014971
4138395608
3547524138
4460242522
4893674870
6968629522
3564322601
3582066525
2348491126
213412641
3724718895
300222673
6050027136
3336112212
4645807725
300922408
2554531876
7375140234
2830073704
4006075273
2123838998
3051529200
506461069
6879494312
3565021218
3566225740
318174019
4828143860
4072394356
4774944903
4546399422
3184112120
342289499
1332823164
2386366590
5446415631
2785263535
5142968059
3921480074
4337871573
7734754954
5532294954
3173976185
2986620935
4782143365
3772528949
3170110692
228075008
1939130031
1338219999
2856524322
4103920923
288406480
2678778191
4441087286
2061588118
404850242
3713324467
5023361024
190634565
3704431444
110590591
6545162935
2969380952
4127286981
5109044966
23925202
445558349
4484642726
3186685756
6758527995
7724191016
3866425459
4638657067
3273892996
388747389
4568930518
4824709515
374707236
3168346853
2557507575
3122888809
7444755272
3432187474
2367317953
4868582683
2420546021
2598012140
3523471597
7319142966
3591283677
4864364180
180217379
3575971480
3625049113
4879539161
2780179669
111390902
6847883340
4648101227
541552675
450138714
2384754746
2442581927
3252457866
3790112538
4956166435
3728976215
2338791560
3264350290
86127083
1013536888
2555760012
3655195185
4266910970
4559148111
326028454
3295418287
3687996569
2853407781
302983277
3759492488
285318896
3229898555
2517553414
371139037
2504056718
5007133864
256292144
3482859574
3924998281
3773302802
2452334314
845047334
2324749825
2259134148
3284899112
3544573946
4828142606
4568031502
27499590
2402729264
513269597
2545723691
2441354291
3726700898
4950966242
180362495
6705183847
3225310099
4478960177
2547137089
86120845
2653199219
160387736
191003285
4651436774
310715139
6287749306
4715846690
2315807231
132991765
4966062401
3353313448
2690960083
3670205710
4906946
2511762757
4638645892
179686172
3826417779
3527682660
486720042
3138399980
2678668581
8251604257
2113870582
3485425825
6077671447
3124549928
36147990
465936272
2057262566
4725459622
2084157130
7475756284
2790329126
3672109677
3337695238
2605591891
3678941452
6986052122
3238314499
7665067670
3039214579
2609353703
62964059
4528630937
3195040792
2844963839
6261354929
7282145490
3486869248
66452145
468930779
4390537722
6324955861
3578914491
390986651
3418462699
7396960106
3816009475
6362439531
78171801
1266359954
275854401
2232255534
2483783092
1393707375
2807030070
4243530880
2684489465
142347382
4273698621
4801153502
1554713437
4553607445
275854404
2537592566
3123526484
2470519984
3619806638
7553133572
4967328828
2956835181
3465110229
1368512916
3088074124
4805613386
6959709744
2826574228
7252197964
88127430
2740762106
4887197825
4851555282
6910820943
4805382038
11026590
1491192153
4857560023
4814584955
5094295894
2140182410
6381062375
7707787460
2466171100
2528552898
2555545571
3270010926
1012328893
488352274
3215315009
2482736211
3349528565
3738505221
3713922357
2268109835
4048117105
4937703830
5936844453
1812525037
3585488964
227000285
4955005678
2815755985
4746735057
367890260
3812087947
462080147
4110261078
241347823
7017792809
4644327815
5045062030
4717777678
512542833
241346402
2469351714
4920749049
4381932580
3691729694
2255631358
2307661164
3112964916
2724485630
4256162530
3240351042
4776990069
4741408547
3932691940
3840834941
5558592
7147639585
3300497299
3091580843
3612192955
7024549383
3787061402
3639363462
3550253365
3357708906
147288810
3155601377
2244613488
4274395288
2421822611
485966385
3711826708
543363241
4827958485
7277119012
369186134
2373932560
3441979462
4025432630
4631334859
1450988692
3207654194
4727348655
3677302645
4094247545
711689801
3381392182
3067885047
3548421323
3990927873
3263182360
3724946689
1629314152
4780576116
16653104
4930656908
3261493263
1394673080
3421129418
3676432043
4767559417
4726714032
3126773489
2181117039
7312171080
4567311889
194827953
3879971251
861608773
3747821314
1104133405
823498977
409072931
3368819708
4287766241
501471231
2214847438
3561314880
2234910971
2683985894
3312232591
4684641618
3474999131
3102204862
7327910476
2194797921
4650040688
3344526059
3510970803
3613955682
4736623123
2148916767
4329263730
4846324908
3504662140
8029536
2273591668
3965289801
34728392
3826499281
6338733
7376745804
8859482
3326024473
4884785843
3012222153
3601305072
518789868
2911552402
2127570593
1794856976
4971112709
3632572264
864546649
4441985805
4759622530
4191885641
519061891
4900807267
3179296090
3534388678
4646799327
4742826670
2522995166
7860486658
2738255684
4851882232
4223855717
4746460091
4893597664
7717834540
4757330571
4705576434
2690274918
2193223202
318309199
3001612175
2842032768
98235403
3285993030
4597303045
2121140070
2494822758
1918573100
3195701071
131632409
1776981714
157557961
43244430
146479460
5963915707
109823395
6558305361
4985704
179172576
4589656744
4470208353
529321454
406248253
2332975167
5246144737
3674565156
4830206078
2385744837
2783150873
3370340289
4590678523
4445047293
2956824677
3192069971
4786170253
2975073156
2522809984
3165964731
3209620285
4196910882
7963978148
2647862489
7645680482
12904363
1557838421
2752919987
2972929655
3186527735
542317719
4230838706
3972772474
2993167183
6199134497
2443241477
523488750
4915359289
6869020887
3298106624
287257735
3626475209
7863653456
202174343
5840087663
2745656473
2164591530
2511798599
2562483332
30061114
2206594874
2830559753
4702967745
2308978137
3654402537
464284254
2937461473
2346564235
118667747
4330613254
4860699848
392172670
2782433864
3856990752
3078084729
7198469604
2266061169
3432495898
3679707139
3126752627
2761600250
3206326389
4693885900
190965502
6926407076
3042604058
3207799374
4734385519
3376014640
4805835848
2856053254
2640922346
4645546686
4671540511
3222842866
4940544962
4154120779
535437633
2744571595
4730076543
2666307991
7510394
2580870387
4931927819
1303157527
3619322150
4759639566
3088677667
3484576025
2229509318
179828434
2424556844
3655207400
2131732576
2543679402
2656914235
4479587916
5964803593
6907176643
4013752334
265179051
2842849030
3514194772
3220200084
7398097618
4804591106
4814444205
4651089036
4735742933
6357591843
347543966
2277294556
4513156669
3025513877
4716793596
4328528475
6775387082
7247604030
4966860594
3127142756
7842242014
309430053
2456532329
4688933778
3205248615
6254090796
3220650628
3053785363
6274918824
427936315
289146119
1501398164
4618355872
158388874
4684706810
3079917032
2408099454
42160866
429043637
4516262474
6534930941
3690358925
4822404949
1015712668
3596417458
244760301
1438580125
423140781
4604848309
3753441362
2596475173
3053916979
3799987586
4929501260
4865543040
5871970
452363869
4572432426
1158255688
2516649032
8142325771
2929669711
4965629392
4436813115
9950913
535249787
2900560501
538271607
3631530817
2629445284
2642247165
297535592
1835511273
2714703706
471694463
3927465948
2786115354
4524361920
4508096677
47136694
7353914844
4733528296
5611391594
2565350330
2040056561
4542426243
3420064875
3110840233
4652298673
2742808804
2929006980
1850901757
2276314067
528498076
6445655263
23012542
3270273940
3368607300
3735801713
3507670136
484500945
8034136985
4928783075
820169182
3214237686
3410902181
3318995586
405534993
2814037463
3562606482
4778593226
531055369
7118830527
1278589645
986440271
538345634
5790434381
207955925
7552538920
4932737485
3257207516
5404491005
2314722788
7852369036
2498093487
3666188047
4554488264
1225603792
7526599338
4629625465
3006441810
137861003
4505883129
3868284371
777014662
3669056658
36979
31919019
4565138772
4361532957
353982213
3549222244
5519356488
532396029
3475756130
3683974620
3174726084
4145054037
3128514681
2848266893
136581487
317641829
2192547226
4730941218
169003493
8664922
2913207978
3735202441
3672105089
4443087396
4926024571
1267711451
7774468390
8051568083
3866270897
3596428453
241345942
4564857014
4816829778
2455300855
7347276120
4546834565
3380072636
3181599388
3009713124
4776535503
630476551
3666324102
4855382104
5879279230
3717467586
247706586
314685044
4494075018
6056271620
651277216
6681703035
3349397610
3301271382
2473271288
6847842974
804087017
2649705487
5056620714
3411595210
6210938762
506412121
537230454
148717151
3398788809
2720607453
4482794481
2454932897
2292235516
3198088069
2705925058
2219805467
413588617
5412119890
4760372043
3632842482
4760025493
141841337
82945847
35400054
4405699723
4752482394
1418266617
4963233252
2443512473
3052440932
485296499
3394192149
3580941967
2552723989
2470486377
3673642950
1578355853
2955315546
3365602213
3996401
2286239223
2351694146
4478571009
4961773023
4889084974
3423249426
4499296995
2864608641
4433551085
5306262761
6827875949
2147876139
4922148937
2731298834
2228156682
416788726
412203580
4701498512
4430468539
2536946133
2736262723
4812955659
1505686764
3565654691
3532205154
3034709132
4954782761
4938457809
1356796100
121971540
4495921495
2190899457
2038662925
1550772959
2892244557
2511760873
3227140905
3996888830
314798927
6080521675
4188427645
3559781965
2578834476
112178718
620595746
4715763245
4077598908
275176054
187780595
4619640749
841397013
3662865
3700739661
57417224
4806313842
3597294140
4524570447
3368671163
3405113041
2521213787
6774607635
2568065443
5415557808
3369354061
5683406436
4731712149
470887791
3351360323
5419038647
5710348031
2440300227
81370406
2473689180
2685788323
2101738845
4905053758
2003663004
3421480658
3506468593
4919450790
2270483627
5840187633
2090997177
3295452057
2774548618
5924136287
514905846
1865794069
4532518749
5225747391
2825668136
214167512
2975627633
153963868
3415165462
1396064003
5194027799
7063636373
6691367427
7526370420
3721744760
3299820653
6331630561
2324917982
4450905295
2329631855
2993388841
7271256962
6022108522
132887917
96113759
2848977044
4113657978
4754577090
85306254
3183330562
510197538
477768471
3278189732
5270958162
4682065369
3715997100
4653329590
456244990
4525526342
3470303255
3378167937
4018839877
256278251
3691800116
301315162
3201517121
2904601886
99458430
108503753
771366843
2557972410
374124237
3465353601
4730838642
3636936656
1523800748
4550058704
3675825945
2308029439
1279422342
4552868920
4799885674
2274602044
7979243971
3052709425
4280301189
4784187336
4611115315
4930614976
49402821
2114931518
5888131040
1280147517
5880786104
4862440150
8060043940
322811355
3052435954
4517193541
4153147942
3072730593
2518094853
3572267708
956164675
3597715122
3612249030
4695473432
4602993681
2965503793
5921621723
149150917
3294830188
6180215411
118771635
6502487823
2852982055
1259936608
7105973793
5919020
2434440948
2549452277
3258993719
6916655550
3503689049
3953382308
4688197510
4774595499
5335780437
2230908726
1282392036
3123651135
32774948
3958612961
7493450658
3122606953
4717903900
7655480476
3570800810
8116539330
861795382
468709485
4913033344
4808564166
4556114229
2892413015
280511194
3522495606
2227179257
3359414778
2384728877
3363622599
36142198
4475688604
2335129954
3065207901
1405005999
2171891283
2925160864
2202443907
7911930912
2922981282
4515663265
3118534315
2671267709
200778628
1236951314
2883324329
4967971683
6209169496
5361355399
188352363
3528884854
3103231330
34865672
6089556280
4753058300
248698033
259314892
8239102645
1734643212
3169394115
4614358086
7006480817
4710342117
3937269663
165764051
260148263
2603743747
325742196
4078839852
2341080150
3336361161
2715337869
4729870194
4114982977
3827316480
2924908529
2191783475
2255266906
4788900125
224026428
4381641700
1499929907
269898428
3134214072
2705947033
7800436386
2736263351
3579148390
719156655
4870291081
7455508610
4542690151
4541240319
40793390
2308256827
392467282
80474519
5480435624
6315843581
2502250148
170876266
5384744603
3486768631
46348866
594582753
98885561
3590647207
7579034020
186890605
